This file contains any messages produced by compilers while
running configure, to aid debugging if configure makes a mistake.

It was created by HTSlib configure 1.9, which was
generated by GNU Autoconf 2.68.  Invocation command line was

  $ ./configure CFLAGS=-fpic --disable-bz2 --disable-lzma --without-libdeflate

## --------- ##
## Platform. ##
## --------- ##

hostname = c882497f3805
uname -m = x86_64
uname -r = 4.15.0-76-generic
uname -s = Linux
uname -v = #86-Ubuntu SMP Fri Jan 17 17:24:28 UTC 2020

/usr/bin/uname -p = x86_64
/bin/uname -X     = unknown

/bin/arch              = x86_64
/usr/bin/arch -k       = unknown
/usr/convex/getsysinfo = unknown
/usr/bin/hostinfo      = unknown
/bin/machine           = unknown
/usr/bin/oslevel       = unknown
/bin/universe          = unknown

PATH: /scratch/merge/roko/roko_venv/bin
PATH: /scratch/miniconda3/envs/roko/bin
PATH: /scratch/miniconda3/condabin
PATH: /usr/local/nvidia/bin
PATH: /usr/local/cuda/bin
PATH: /usr/local/sbin
PATH: /usr/local/bin
PATH: /usr/sbin
PATH: /usr/bin
PATH: /sbin
PATH: /bin


## ----------- ##
## Core tests. ##
## ----------- ##

configure:2150: checking for gcc
configure:2166: found /usr/bin/gcc
configure:2177: result: gcc
configure:2406: checking for C compiler version
configure:2415: gcc --version >&5
gcc (Ubuntu 9.3.0-17ubuntu1~20.04) 9.3.0
Copyright (C) 2019 Free Software Foundation, Inc.
This is free software; see the source for copying conditions.  There is NO
warranty; not even for MERCHANTABILITY or FITNESS FOR A PARTICULAR PURPOSE.

configure:2426: $? = 0
configure:2415: gcc -v >&5
Using built-in specs.
COLLECT_GCC=gcc
COLLECT_LTO_WRAPPER=/usr/lib/gcc/x86_64-linux-gnu/9/lto-wrapper
OFFLOAD_TARGET_NAMES=nvptx-none:hsa
OFFLOAD_TARGET_DEFAULT=1
Target: x86_64-linux-gnu
Configured with: ../src/configure -v --with-pkgversion='Ubuntu 9.3.0-17ubuntu1~20.04' --with-bugurl=file:///usr/share/doc/gcc-9/README.Bugs --enable-languages=c,ada,c++,go,brig,d,fortran,objc,obj-c++,gm2 --prefix=/usr --with-gcc-major-version-only --program-suffix=-9 --program-prefix=x86_64-linux-gnu- --enable-shared --enable-linker-build-id --libexecdir=/usr/lib --without-included-gettext --enable-threads=posix --libdir=/usr/lib --enable-nls --enable-clocale=gnu --enable-libstdcxx-debug --enable-libstdcxx-time=yes --with-default-libstdcxx-abi=new --enable-gnu-unique-object --disable-vtable-verify --enable-plugin --enable-default-pie --with-system-zlib --with-target-system-zlib=auto --enable-objc-gc=auto --enable-multiarch --disable-werror --with-arch-32=i686 --with-abi=m64 --with-multilib-list=m32,m64,mx32 --enable-multilib --with-tune=generic --enable-offload-targets=nvptx-none=/build/gcc-9-HskZEa/gcc-9-9.3.0/debian/tmp-nvptx/usr,hsa --without-cuda-driver --enable-checking=release --build=x86_64-linux-gnu --host=x86_64-linux-gnu --target=x86_64-linux-gnu
Thread model: posix
gcc version 9.3.0 (Ubuntu 9.3.0-17ubuntu1~20.04) 
configure:2426: $? = 0
configure:2415: gcc -V >&5
gcc: error: unrecognized command line option '-V'
gcc: fatal error: no input files
compilation terminated.
configure:2426: $? = 1
configure:2415: gcc -qversion >&5
gcc: error: unrecognized command line option '-qversion'; did you mean '--version'?
gcc: fatal error: no input files
compilation terminated.
configure:2426: $? = 1
configure:2446: checking whether the C compiler works
configure:2468: gcc -fpic   conftest.c  >&5
configure:2472: $? = 0
configure:2520: result: yes
configure:2523: checking for C compiler default output file name
configure:2525: result: a.out
configure:2531: checking for suffix of executables
configure:2538: gcc -o conftest -fpic   conftest.c  >&5
configure:2542: $? = 0
configure:2564: result: 
configure:2586: checking whether we are cross compiling
configure:2594: gcc -o conftest -fpic   conftest.c  >&5
configure:2598: $? = 0
configure:2605: ./conftest
configure:2609: $? = 0
configure:2597: result: no
configure:2602: checking for suffix of object files
configure:2624: gcc -c -fpic  conftest.c >&5
configure:2628: $? = 0
configure:2649: result: o
configure:2653: checking whether we are using the GNU C compiler
configure:2672: gcc -c -fpic  conftest.c >&5
configure:2672: $? = 0
configure:2681: result: yes
configure:2690: checking whether gcc accepts -g
configure:2710: gcc -c -g  conftest.c >&5
configure:2710: $? = 0
configure:2751: result: yes
configure:2768: checking for gcc option to accept ISO C89
configure:2832: gcc  -c -fpic  conftest.c >&5
configure:2832: $? = 0
configure:2845: result: none needed
configure:2908: checking for ranlib
configure:2924: found /usr/bin/ranlib
configure:2935: result: ranlib
configure:2958: checking for grep that handles long lines and -e
configure:3016: result: /usr/bin/grep
configure:3041: checking for C compiler warning flags
configure:3154: result: -Wall
configure:3271: checking for special C compiler options needed for large files
configure:3316: result: no
configure:3322: checking for _FILE_OFFSET_BITS value needed for large files
configure:3347: gcc -c  -Wall -fpic  conftest.c >&5
configure:3347: $? = 0
configure:3379: result: no
configure:3462: checking for _LARGEFILE_SOURCE value needed for large files
configure:3481: gcc -o conftest  -Wall -fpic   conftest.c  >&5
configure:3481: $? = 0
configure:3509: result: no
configure:3611: checking shared library type for unknown-Linux
configure:3639: result: plain .so
configure:3648: checking how to run the C preprocessor
configure:3679: gcc -E  conftest.c
configure:3679: $? = 0
configure:3693: gcc -E  conftest.c
conftest.c:10:10: fatal error: ac_nonexistent.h: No such file or directory
   10 | #include <ac_nonexistent.h>
      |          ^~~~~~~~~~~~~~~~~~
compilation terminated.
configure:3693: $? = 1
configure: failed program was:
| /* confdefs.h */
| #define PACKAGE_NAME "HTSlib"
| #define PACKAGE_TARNAME "htslib"
| #define PACKAGE_VERSION "1.9"
| #define PACKAGE_STRING "HTSlib 1.9"
| #define PACKAGE_BUGREPORT "samtools-help@lists.sourceforge.net"
| #define PACKAGE_URL "http://www.htslib.org/"
| #define HAVE_FSEEKO 1
| /* end confdefs.h.  */
| #include <ac_nonexistent.h>
configure:3718: result: gcc -E
configure:3738: gcc -E  conftest.c
configure:3738: $? = 0
configure:3752: gcc -E  conftest.c
conftest.c:10:10: fatal error: ac_nonexistent.h: No such file or directory
   10 | #include <ac_nonexistent.h>
      |          ^~~~~~~~~~~~~~~~~~
compilation terminated.
configure:3752: $? = 1
configure: failed program was:
| /* confdefs.h */
| #define PACKAGE_NAME "HTSlib"
| #define PACKAGE_TARNAME "htslib"
| #define PACKAGE_VERSION "1.9"
| #define PACKAGE_STRING "HTSlib 1.9"
| #define PACKAGE_BUGREPORT "samtools-help@lists.sourceforge.net"
| #define PACKAGE_URL "http://www.htslib.org/"
| #define HAVE_FSEEKO 1
| /* end confdefs.h.  */
| #include <ac_nonexistent.h>
configure:3781: checking for egrep
configure:3843: result: /usr/bin/grep -E
configure:3848: checking for ANSI C header files
configure:3868: gcc -c  -Wall -fpic  conftest.c >&5
configure:3868: $? = 0
configure:3941: gcc -o conftest  -Wall -fpic   conftest.c  >&5
configure:3941: $? = 0
configure:3941: ./conftest
configure:3941: $? = 0
configure:3952: result: yes
configure:3965: checking for sys/types.h
configure:3965: gcc -c  -Wall -fpic  conftest.c >&5
configure:3965: $? = 0
configure:3965: result: yes
configure:3965: checking for sys/stat.h
configure:3965: gcc -c  -Wall -fpic  conftest.c >&5
configure:3965: $? = 0
configure:3965: result: yes
configure:3965: checking for stdlib.h
configure:3965: gcc -c  -Wall -fpic  conftest.c >&5
configure:3965: $? = 0
configure:3965: result: yes
configure:3965: checking for string.h
configure:3965: gcc -c  -Wall -fpic  conftest.c >&5
configure:3965: $? = 0
configure:3965: result: yes
configure:3965: checking for memory.h
configure:3965: gcc -c  -Wall -fpic  conftest.c >&5
configure:3965: $? = 0
configure:3965: result: yes
configure:3965: checking for strings.h
configure:3965: gcc -c  -Wall -fpic  conftest.c >&5
configure:3965: $? = 0
configure:3965: result: yes
configure:3965: checking for inttypes.h
configure:3965: gcc -c  -Wall -fpic  conftest.c >&5
configure:3965: $? = 0
configure:3965: result: yes
configure:3965: checking for stdint.h
configure:3965: gcc -c  -Wall -fpic  conftest.c >&5
configure:3965: $? = 0
configure:3965: result: yes
configure:3965: checking for unistd.h
configure:3965: gcc -c  -Wall -fpic  conftest.c >&5
configure:3965: $? = 0
configure:3965: result: yes
configure:3983: checking for stdlib.h
configure:3983: result: yes
configure:3983: checking for unistd.h
configure:3983: result: yes
configure:3983: checking for sys/param.h
configure:3983: gcc -c  -Wall -fpic  conftest.c >&5
configure:3983: $? = 0
configure:3983: result: yes
configure:4003: checking for getpagesize
configure:4003: gcc -o conftest  -Wall -fpic   conftest.c  >&5
configure:4003: $? = 0
configure:4003: result: yes
configure:4012: checking for working mmap
configure:4159: gcc -o conftest  -Wall -fpic   conftest.c  >&5
configure:4159: $? = 0
configure:4159: ./conftest
configure:4159: $? = 0
configure:4169: result: yes
configure:4181: checking for gmtime_r
configure:4181: gcc -o conftest  -Wall -fpic   conftest.c  >&5
configure:4181: $? = 0
configure:4181: result: yes
configure:4181: checking for fsync
configure:4181: gcc -o conftest  -Wall -fpic   conftest.c  >&5
configure:4181: $? = 0
configure:4181: result: yes
configure:4181: checking for drand48
configure:4181: gcc -o conftest  -Wall -fpic   conftest.c  >&5
configure:4181: $? = 0
configure:4181: result: yes
configure:4193: checking whether fdatasync is declared
configure:4193: gcc -c  -Wall -fpic  conftest.c >&5
configure:4193: $? = 0
configure:4193: result: yes
configure:4197: checking for fdatasync
configure:4197: gcc -o conftest  -Wall -fpic   conftest.c  >&5
configure:4197: $? = 0
configure:4197: result: yes
configure:4293: checking for library containing log
configure:4324: gcc -o conftest  -Wall -fpic   conftest.c  >&5
conftest.c:36:6: warning: conflicting types for built-in function 'log'; expected 'double(double)' [-Wbuiltin-declaration-mismatch]
   36 | char log ();
      |      ^~~
conftest.c:1:1: note: 'log' is declared in header '<math.h>'
    1 | /* confdefs.h */
/usr/bin/ld: /tmp/ccmYiJml.o: in function `main':
conftest.c:(.text+0xe): undefined reference to `log'
collect2: error: ld returned 1 exit status
configure:4324: $? = 1
configure: failed program was:
| /* confdefs.h */
| #define PACKAGE_NAME "HTSlib"
| #define PACKAGE_TARNAME "htslib"
| #define PACKAGE_VERSION "1.9"
| #define PACKAGE_STRING "HTSlib 1.9"
| #define PACKAGE_BUGREPORT "samtools-help@lists.sourceforge.net"
| #define PACKAGE_URL "http://www.htslib.org/"
| #define HAVE_FSEEKO 1
| #define STDC_HEADERS 1
| #define HAVE_SYS_TYPES_H 1
| #define HAVE_SYS_STAT_H 1
| #define HAVE_STDLIB_H 1
| #define HAVE_STRING_H 1
| #define HAVE_MEMORY_H 1
| #define HAVE_STRINGS_H 1
| #define HAVE_INTTYPES_H 1
| #define HAVE_STDINT_H 1
| #define HAVE_UNISTD_H 1
| #define HAVE_STDLIB_H 1
| #define HAVE_UNISTD_H 1
| #define HAVE_SYS_PARAM_H 1
| #define HAVE_GETPAGESIZE 1
| #define HAVE_MMAP 1
| #define HAVE_GMTIME_R 1
| #define HAVE_FSYNC 1
| #define HAVE_DRAND48 1
| #define HAVE_FDATASYNC 1
| /* end confdefs.h.  */
| 
| /* Override any GCC internal prototype to avoid an error.
|    Use char because int might match the return type of a GCC
|    builtin and then its argument prototype would still apply.  */
| #ifdef __cplusplus
| extern "C"
| #endif
| char log ();
| int
| main ()
| {
| return log ();
|   ;
|   return 0;
| }
configure:4324: gcc -o conftest  -Wall -fpic   conftest.c -lm   >&5
conftest.c:36:6: warning: conflicting types for built-in function 'log'; expected 'double(double)' [-Wbuiltin-declaration-mismatch]
   36 | char log ();
      |      ^~~
conftest.c:1:1: note: 'log' is declared in header '<math.h>'
    1 | /* confdefs.h */
configure:4324: $? = 0
configure:4341: result: -lm
configure:4361: checking for zlib.h
configure:4361: gcc -c  -Wall -fpic  conftest.c >&5
configure:4361: $? = 0
configure:4361: result: yes
configure:4370: checking for inflate in -lz
configure:4395: gcc -o conftest  -Wall -fpic   conftest.c -lz  -lm  >&5
configure:4395: $? = 0
configure:4404: result: yes
configure:4435: checking for library containing recv
configure:4466: gcc -o conftest  -Wall -fpic   conftest.c -lz -lm  >&5
configure:4466: $? = 0
configure:4483: result: none required
configure:4762: checking for curl_easy_pause in -lcurl
configure:4787: gcc -o conftest  -Wall -fpic   conftest.c -lcurl  -lz -lm  >&5
configure:4787: $? = 0
configure:4796: result: yes
configure:4927: checking for CCHmac
configure:4927: gcc -o conftest  -Wall -fpic   conftest.c -lz -lm  >&5
/usr/bin/ld: /tmp/ccJrWY9i.o: in function `main':
conftest.c:(.text+0xe): undefined reference to `CCHmac'
collect2: error: ld returned 1 exit status
configure:4927: $? = 1
configure: failed program was:
| /* confdefs.h */
| #define PACKAGE_NAME "HTSlib"
| #define PACKAGE_TARNAME "htslib"
| #define PACKAGE_VERSION "1.9"
| #define PACKAGE_STRING "HTSlib 1.9"
| #define PACKAGE_BUGREPORT "samtools-help@lists.sourceforge.net"
| #define PACKAGE_URL "http://www.htslib.org/"
| #define HAVE_FSEEKO 1
| #define STDC_HEADERS 1
| #define HAVE_SYS_TYPES_H 1
| #define HAVE_SYS_STAT_H 1
| #define HAVE_STDLIB_H 1
| #define HAVE_STRING_H 1
| #define HAVE_MEMORY_H 1
| #define HAVE_STRINGS_H 1
| #define HAVE_INTTYPES_H 1
| #define HAVE_STDINT_H 1
| #define HAVE_UNISTD_H 1
| #define HAVE_STDLIB_H 1
| #define HAVE_UNISTD_H 1
| #define HAVE_SYS_PARAM_H 1
| #define HAVE_GETPAGESIZE 1
| #define HAVE_MMAP 1
| #define HAVE_GMTIME_R 1
| #define HAVE_FSYNC 1
| #define HAVE_DRAND48 1
| #define HAVE_FDATASYNC 1
| #define HAVE_LIBZ 1
| #define HAVE_LIBCURL 1
| #define ENABLE_GCS 1
| /* end confdefs.h.  */
| /* Define CCHmac to an innocuous variant, in case <limits.h> declares CCHmac.
|    For example, HP-UX 11i <limits.h> declares gettimeofday.  */
| #define CCHmac innocuous_CCHmac
| 
| /* System header to define __stub macros and hopefully few prototypes,
|     which can conflict with char CCHmac (); below.
|     Prefer <limits.h> to <assert.h> if __STDC__ is defined, since
|     <limits.h> exists even on freestanding compilers.  */
| 
| #ifdef __STDC__
| # include <limits.h>
| #else
| # include <assert.h>
| #endif
| 
| #undef CCHmac
| 
| /* Override any GCC internal prototype to avoid an error.
|    Use char because int might match the return type of a GCC
|    builtin and then its argument prototype would still apply.  */
| #ifdef __cplusplus
| extern "C"
| #endif
| char CCHmac ();
| /* The GNU C library defines this for functions which it implements
|     to always fail with ENOSYS.  Some functions are actually named
|     something starting with __ and the normal name is an alias.  */
| #if defined __stub_CCHmac || defined __stub___CCHmac
| choke me
| #endif
| 
| int
| main ()
| {
| return CCHmac ();
|   ;
|   return 0;
| }
configure:4927: result: no
configure:4934: checking for library containing HMAC
configure:4965: gcc -o conftest  -Wall -fpic   conftest.c -lz -lm  >&5
/usr/bin/ld: /tmp/cc08Cknm.o: in function `main':
conftest.c:(.text+0xe): undefined reference to `HMAC'
collect2: error: ld returned 1 exit status
configure:4965: $? = 1
configure: failed program was:
| /* confdefs.h */
| #define PACKAGE_NAME "HTSlib"
| #define PACKAGE_TARNAME "htslib"
| #define PACKAGE_VERSION "1.9"
| #define PACKAGE_STRING "HTSlib 1.9"
| #define PACKAGE_BUGREPORT "samtools-help@lists.sourceforge.net"
| #define PACKAGE_URL "http://www.htslib.org/"
| #define HAVE_FSEEKO 1
| #define STDC_HEADERS 1
| #define HAVE_SYS_TYPES_H 1
| #define HAVE_SYS_STAT_H 1
| #define HAVE_STDLIB_H 1
| #define HAVE_STRING_H 1
| #define HAVE_MEMORY_H 1
| #define HAVE_STRINGS_H 1
| #define HAVE_INTTYPES_H 1
| #define HAVE_STDINT_H 1
| #define HAVE_UNISTD_H 1
| #define HAVE_STDLIB_H 1
| #define HAVE_UNISTD_H 1
| #define HAVE_SYS_PARAM_H 1
| #define HAVE_GETPAGESIZE 1
| #define HAVE_MMAP 1
| #define HAVE_GMTIME_R 1
| #define HAVE_FSYNC 1
| #define HAVE_DRAND48 1
| #define HAVE_FDATASYNC 1
| #define HAVE_LIBZ 1
| #define HAVE_LIBCURL 1
| #define ENABLE_GCS 1
| /* end confdefs.h.  */
| 
| /* Override any GCC internal prototype to avoid an error.
|    Use char because int might match the return type of a GCC
|    builtin and then its argument prototype would still apply.  */
| #ifdef __cplusplus
| extern "C"
| #endif
| char HMAC ();
| int
| main ()
| {
| return HMAC ();
|   ;
|   return 0;
| }
configure:4965: gcc -o conftest  -Wall -fpic   conftest.c -lcrypto  -lz -lm  >&5
configure:4965: $? = 0
configure:4982: result: -lcrypto
configure:5024: checking whether PTHREAD_MUTEX_RECURSIVE is declared
configure:5024: gcc -c  -Wall -fpic  conftest.c >&5
configure:5024: $? = 0
configure:5024: result: yes
configure:5161: creating ./config.status

## ---------------------- ##
## Running config.status. ##
## ---------------------- ##

This file was extended by HTSlib config.status 1.9, which was
generated by GNU Autoconf 2.68.  Invocation command line was

  CONFIG_FILES    = 
  CONFIG_HEADERS  = 
  CONFIG_LINKS    = 
  CONFIG_COMMANDS = 
  $ ./config.status 

on c882497f3805

config.status:836: creating config.mk
config.status:836: creating htslib.pc.tmp
config.status:836: creating config.h

## ---------------- ##
## Cache variables. ##
## ---------------- ##

ac_cv_c_compiler_gnu=yes
ac_cv_env_CC_set=
ac_cv_env_CC_value=
ac_cv_env_CFLAGS_set=set
ac_cv_env_CFLAGS_value=-fpic
ac_cv_env_CPPFLAGS_set=
ac_cv_env_CPPFLAGS_value=
ac_cv_env_CPP_set=
ac_cv_env_CPP_value=
ac_cv_env_LDFLAGS_set=
ac_cv_env_LDFLAGS_value=
ac_cv_env_LIBS_set=
ac_cv_env_LIBS_value=
ac_cv_env_build_alias_set=
ac_cv_env_build_alias_value=
ac_cv_env_host_alias_set=
ac_cv_env_host_alias_value=
ac_cv_env_target_alias_set=
ac_cv_env_target_alias_value=
ac_cv_func_CCHmac=no
ac_cv_func_drand48=yes
ac_cv_func_fdatasync=yes
ac_cv_func_fsync=yes
ac_cv_func_getpagesize=yes
ac_cv_func_gmtime_r=yes
ac_cv_func_mmap_fixed_mapped=yes
ac_cv_have_decl_PTHREAD_MUTEX_RECURSIVE=yes
ac_cv_have_decl_fdatasync_int_=yes
ac_cv_header_inttypes_h=yes
ac_cv_header_memory_h=yes
ac_cv_header_stdc=yes
ac_cv_header_stdint_h=yes
ac_cv_header_stdlib_h=yes
ac_cv_header_string_h=yes
ac_cv_header_strings_h=yes
ac_cv_header_sys_param_h=yes
ac_cv_header_sys_stat_h=yes
ac_cv_header_sys_types_h=yes
ac_cv_header_unistd_h=yes
ac_cv_header_zlib_h=yes
ac_cv_lib_curl_curl_easy_pause=yes
ac_cv_lib_z_inflate=yes
ac_cv_objext=o
ac_cv_path_EGREP='/usr/bin/grep -E'
ac_cv_path_GREP=/usr/bin/grep
ac_cv_prog_CPP='gcc -E'
ac_cv_prog_ac_ct_CC=gcc
ac_cv_prog_ac_ct_RANLIB=ranlib
ac_cv_prog_cc_c89=
ac_cv_prog_cc_g=yes
ac_cv_search_HMAC=-lcrypto
ac_cv_search_log=-lm
ac_cv_search_recv='none required'
ac_cv_sys_file_offset_bits=no
ac_cv_sys_largefile_CC=no
ac_cv_sys_largefile_source=no
hts_cv_prog_cc_warnings=-Wall

## ----------------- ##
## Output variables. ##
## ----------------- ##

CC='gcc'
CFLAGS=' -Wall -fpic'
CPP='gcc -E'
CPPFLAGS=''
CRYPTO_LIBS='-lcrypto'
DEFS='-DHAVE_CONFIG_H'
ECHO_C=''
ECHO_N='-n'
ECHO_T=''
EGREP='/usr/bin/grep -E'
EXEEXT=''
GREP='/usr/bin/grep'
LDFLAGS=''
LIBOBJS=''
LIBS='-lz -lm '
LTLIBOBJS=''
OBJEXT='o'
PACKAGE_BUGREPORT='samtools-help@lists.sourceforge.net'
PACKAGE_NAME='HTSlib'
PACKAGE_STRING='HTSlib 1.9'
PACKAGE_TARNAME='htslib'
PACKAGE_URL='http://www.htslib.org/'
PACKAGE_VERSION='1.9'
PATH_SEPARATOR=':'
PLATFORM='default'
PLUGIN_EXT='.so'
RANLIB='ranlib'
SHELL='/bin/bash'
ac_ct_CC='gcc'
bindir='${exec_prefix}/bin'
build_alias=''
datadir='${datarootdir}'
datarootdir='${prefix}/share'
docdir='${datarootdir}/doc/${PACKAGE_TARNAME}'
dvidir='${docdir}'
enable_plugins='no'
exec_prefix='${prefix}'
gcs='enabled'
host_alias='unknown-Linux'
htmldir='${docdir}'
includedir='${prefix}/include'
infodir='${datarootdir}/info'
libcurl='enabled'
libdir='${exec_prefix}/lib'
libexecdir='${exec_prefix}/libexec'
localedir='${datarootdir}/locale'
localstatedir='${prefix}/var'
mandir='${datarootdir}/man'
oldincludedir='/usr/include'
pc_requires=''
pdfdir='${docdir}'
plugindir='$(libexecdir)/htslib'
pluginpath='$(libexecdir)/htslib'
prefix='/usr/local'
private_LIBS=''
program_transform_name='s,x,x,'
psdir='${docdir}'
s3='enabled'
sbindir='${exec_prefix}/sbin'
sharedstatedir='${prefix}/com'
static_LDFLAGS=''
static_LIBS='-lpthread -lz -lm -lcurl -lcrypto'
sysconfdir='${prefix}/etc'
target_alias=''

## ----------- ##
## confdefs.h. ##
## ----------- ##

/* confdefs.h */
#define PACKAGE_NAME "HTSlib"
#define PACKAGE_TARNAME "htslib"
#define PACKAGE_VERSION "1.9"
#define PACKAGE_STRING "HTSlib 1.9"
#define PACKAGE_BUGREPORT "samtools-help@lists.sourceforge.net"
#define PACKAGE_URL "http://www.htslib.org/"
#define HAVE_FSEEKO 1
#define STDC_HEADERS 1
#define HAVE_SYS_TYPES_H 1
#define HAVE_SYS_STAT_H 1
#define HAVE_STDLIB_H 1
#define HAVE_STRING_H 1
#define HAVE_MEMORY_H 1
#define HAVE_STRINGS_H 1
#define HAVE_INTTYPES_H 1
#define HAVE_STDINT_H 1
#define HAVE_UNISTD_H 1
#define HAVE_STDLIB_H 1
#define HAVE_UNISTD_H 1
#define HAVE_SYS_PARAM_H 1
#define HAVE_GETPAGESIZE 1
#define HAVE_MMAP 1
#define HAVE_GMTIME_R 1
#define HAVE_FSYNC 1
#define HAVE_DRAND48 1
#define HAVE_FDATASYNC 1
#define HAVE_LIBZ 1
#define HAVE_LIBCURL 1
#define ENABLE_GCS 1
#define HAVE_HMAC 1
#define ENABLE_S3 1

configure: exit 0
